# JRE version: OpenJDK Runtime Environment (20.0.1+9) (build 20.0.1+9-29)
# Java VM: OpenJDK 64-Bit Server VM (20.0.1+9-29, mixed mode, sharing, tiered, compressed oops, compressed class ptrs, g1 gc, windows-amd64)
GC Precious Log:
 CardTable entry size: 512
 Card Set container configuration: InlinePtr #cards 5 size 8 Array Of Cards #cards 12 size 40 Howl #buckets 4 coarsen threshold 1843 Howl Bitmap #cards 512 size 80 coarsen threshold 460 Card regions per heap region 1 cards per card region 2048
 CPUs: 4 total, 4 available
 Memory: 8071M
 Large Page Support: Disabled
 NUMA Support: Disabled
 Compressed Oops: Enabled (32-bit)
 Heap Region Size: 1M
 Heap Min Capacity: 8M
 Heap Initial Capacity: 128M
 Heap Max Capacity: 2018M
 Pre-touch: Disabled
 Parallel Workers: 4
 Concurrent Workers: 1
 Concurrent Refinement Workers: 4
 Periodic GC: Disabled
Heap:
 garbage-first heap   total 154624K, used 148327K [0x0000000081e00000, 0x0000000100000000)
  region size 1024K, 1 young (1024K), 1 survivors (1024K)
 Metaspace       used 13892K, committed 14272K, reserved 1114112K
  class space    used 1869K, committed 2048K, reserved 1048576K
GC Heap History (19 events):
Event: 1.272 GC heap before
{Heap before GC invocations=0 (full 0):
 garbage-first heap   total 131072K, used 12288K [0x0000000081e00000, 0x0000000100000000)
  region size 1024K, 13 young (13312K), 0 survivors (0K)
 Metaspace       used 2478K, committed 2688K, reserved 1114112K
  class space    used 258K, committed 320K, reserved 1048576K
}
Event: 1.277 GC heap after
{Heap after GC invocations=1 (full 0):
 garbage-first heap   total 131072K, used 1828K [0x0000000081e00000, 0x0000000100000000)
  region size 1024K, 2 young (2048K), 2 survivors (2048K)
 Metaspace       used 2478K, committed 2688K, reserved 1114112K
  class space    used 258K, committed 320K, reserved 1048576K
}
Event: 3.024 GC heap before
{Heap before GC invocations=1 (full 0):
 garbage-first heap   total 131072K, used 19236K [0x0000000081e00000, 0x0000000100000000)
  region size 1024K, 20 young (20480K), 2 survivors (2048K)
 Metaspace       used 8113K, committed 8384K, reserved 1114112K
  class space    used 922K, committed 1024K, reserved 1048576K
}
Event: 3.030 GC heap after
{Heap after GC invocations=2 (full 0):
 garbage-first heap   total 131072K, used 4866K [0x0000000081e00000, 0x0000000100000000)
  region size 1024K, 3 young (3072K), 3 survivors (3072K)
 Metaspace       used 8113K, committed 8384K, reserved 1114112K
  class space    used 922K, committed 1024K, reserved 1048576K
}
Event: 4.250 GC heap before
{Heap before GC invocations=2 (full 0):
 garbage-first heap   total 131072K, used 77570K [0x0000000081e00000, 0x0000000100000000)
  region size 1024K, 21 young (21504K), 3 survivors (3072K)
 Metaspace       used 11595K, committed 11968K, reserved 1114112K
  class space    used 1475K, committed 1664K, reserved 1048576K
}
Event: 4.256 GC heap after
{Heap after GC invocations=3 (full 0):
 garbage-first heap   total 131072K, used 64622K [0x0000000081e00000, 0x0000000100000000)
  region size 1024K, 7 young (7168K), 7 survivors (7168K)
 Metaspace       used 11595K, committed 11968K, reserved 1114112K
  class space    used 1475K, committed 1664K, reserved 1048576K
}
Event: 4.263 GC heap before
{Heap before GC invocations=3 (full 0):
 garbage-first heap   total 131072K, used 66670K [0x0000000081e00000, 0x0000000100000000)
  region size 1024K, 8 young (8192K), 7 survivors (7168K)
 Metaspace       used 11597K, committed 11968K, reserved 1114112K
  class space    used 1475K, committed 1664K, reserved 1048576K
}
Event: 4.269 GC heap after
{Heap after GC invocations=4 (full 0):
 garbage-first heap   total 131072K, used 66853K [0x0000000081e00000, 0x0000000100000000)
  region size 1024K, 4 young (4096K), 4 survivors (4096K)
 Metaspace       used 11597K, committed 11968K, reserved 1114112K
  class space    used 1475K, committed 1664K, reserved 1048576K
}
Event: 4.283 GC heap before
{Heap before GC invocations=5 (full 0):
 garbage-first heap   total 131072K, used 68901K [0x0000000081e00000, 0x0000000100000000)
  region size 1024K, 5 young (5120K), 4 survivors (4096K)
 Metaspace       used 11615K, committed 11968K, reserved 1114112K
  class space    used 1475K, committed 1664K, reserved 1048576K
}
Event: 4.286 GC heap after
{Heap after GC invocations=6 (full 0):
 garbage-first heap   total 131072K, used 68867K [0x0000000081e00000, 0x0000000100000000)
  region size 1024K, 4 young (4096K), 4 survivors (4096K)
 Metaspace       used 11615K, committed 11968K, reserved 1114112K
  class space    used 1475K, committed 1664K, reserved 1048576K
}
Event: 4.309 GC heap before
{Heap before GC invocations=7 (full 0):
 garbage-first heap   total 131072K, used 75011K [0x0000000081e00000, 0x0000000100000000)
  region size 1024K, 5 young (5120K), 4 survivors (4096K)
 Metaspace       used 11626K, committed 11968K, reserved 1114112K
  class space    used 1475K, committed 1664K, reserved 1048576K
}
Event: 4.313 GC heap after
{Heap after GC invocations=8 (full 0):
 garbage-first heap   total 131072K, used 74983K [0x0000000081e00000, 0x0000000100000000)
  region size 1024K, 4 young (4096K), 4 survivors (4096K)
 Metaspace       used 11626K, committed 11968K, reserved 1114112K
  class space    used 1475K, committed 1664K, reserved 1048576K
}
Event: 4.383 GC heap before
{Heap before GC invocations=9 (full 0):
 garbage-first heap   total 132096K, used 78055K [0x0000000081e00000, 0x0000000100000000)
  region size 1024K, 6 young (6144K), 4 survivors (4096K)
 Metaspace       used 11921K, committed 12224K, reserved 1114112K
  class space    used 1543K, committed 1664K, reserved 1048576K
}
Event: 4.388 GC heap after
{Heap after GC invocations=10 (full 0):
 garbage-first heap   total 132096K, used 77357K [0x0000000081e00000, 0x0000000100000000)
  region size 1024K, 1 young (1024K), 1 survivors (1024K)
 Metaspace       used 11921K, committed 12224K, reserved 1114112K
  class space    used 1543K, committed 1664K, reserved 1048576K
}
Event: 4.799 GC heap before
{Heap before GC invocations=11 (full 0):
 garbage-first heap   total 152576K, used 150061K [0x0000000081e00000, 0x0000000100000000)
  region size 1024K, 4 young (4096K), 1 survivors (1024K)
 Metaspace       used 12175K, committed 12544K, reserved 1114112K
  class space    used 1574K, committed 1728K, reserved 1048576K
}
Event: 4.800 GC heap after
{Heap after GC invocations=12 (full 0):
 garbage-first heap   total 153600K, used 147947K [0x0000000081e00000, 0x0000000100000000)
  region size 1024K, 1 young (1024K), 1 survivors (1024K)
 Metaspace       used 12175K, committed 12544K, reserved 1114112K
  class space    used 1574K, committed 1728K, reserved 1048576K
}
Event: 4.847 GC heap before
{Heap before GC invocations=12 (full 0):
 garbage-first heap   total 153600K, used 151019K [0x0000000081e00000, 0x0000000100000000)
  region size 1024K, 4 young (4096K), 1 survivors (1024K)
 Metaspace       used 12814K, committed 13184K, reserved 1114112K
  class space    used 1693K, committed 1856K, reserved 1048576K
}
Event: 4.851 GC heap after
{Heap after GC invocations=13 (full 0):
 garbage-first heap   total 153600K, used 147947K [0x0000000081e00000, 0x0000000100000000)
  region size 1024K, 1 young (1024K), 1 survivors (1024K)
 Metaspace       used 12814K, committed 13184K, reserved 1114112K
  class space    used 1693K, committed 1856K, reserved 1048576K
}
Event: 5.030 GC heap before
{Heap before GC invocations=13 (full 0):
 garbage-first heap   total 153600K, used 151019K [0x0000000081e00000, 0x0000000100000000)
  region size 1024K, 5 young (5120K), 1 survivors (1024K)
 Metaspace       used 13892K, committed 14272K, reserved 1114112K
  class space    used 1869K, committed 2048K, reserved 1048576K
}

