# JRE version: OpenJDK Runtime Environment (21.0.1+12) (build 21.0.1+12-29)
# Java VM: OpenJDK 64-Bit Server VM (21.0.1+12-29, mixed mode, sharing, tiered, compressed oops, compressed class ptrs, g1 gc, windows-amd64)
GC Precious Log:
 CardTable entry size: 512
 Card Set container configuration: InlinePtr #cards 5 size 8 Array Of Cards #cards 12 size 40 Howl #buckets 4 coarsen threshold 1843 Howl Bitmap #cards 512 size 80 coarsen threshold 460 Card regions per heap region 1 cards per card region 2048
 CPUs: 4 total, 4 available
 Memory: 7834M
 Large Page Support: Disabled
 NUMA Support: Disabled
 Compressed Oops: Enabled (32-bit)
 Heap Region Size: 1M
 Heap Min Capacity: 8M
 Heap Initial Capacity: 124M
 Heap Max Capacity: 1960M
 Pre-touch: Disabled
 Parallel Workers: 4
 Concurrent Workers: 1
 Concurrent Refinement Workers: 4
 Periodic GC: Disabled
Heap:
 garbage-first heap   total 149504K, used 134353K [0x0000000085800000, 0x0000000100000000)
  region size 1024K, 2 young (2048K), 1 survivors (1024K)
 Metaspace       used 13966K, committed 14272K, reserved 1114112K
  class space    used 1893K, committed 2048K, reserved 1048576K
GC Heap History (12 events):
Event: 0.507 GC heap before
{Heap before GC invocations=0 (full 0):
 garbage-first heap   total 126976K, used 13312K [0x0000000085800000, 0x0000000100000000)
  region size 1024K, 13 young (13312K), 0 survivors (0K)
 Metaspace       used 2364K, committed 2560K, reserved 1114112K
  class space    used 244K, committed 320K, reserved 1048576K
}
Event: 0.512 GC heap after
{Heap after GC invocations=1 (full 0):
 garbage-first heap   total 126976K, used 1920K [0x0000000085800000, 0x0000000100000000)
  region size 1024K, 2 young (2048K), 2 survivors (2048K)
 Metaspace       used 2364K, committed 2560K, reserved 1114112K
  class space    used 244K, committed 320K, reserved 1048576K
}
Event: 1.188 GC heap before
{Heap before GC invocations=1 (full 0):
 garbage-first heap   total 126976K, used 23424K [0x0000000085800000, 0x0000000100000000)
  region size 1024K, 24 young (24576K), 2 survivors (2048K)
 Metaspace       used 8342K, committed 8640K, reserved 1114112K
  class space    used 976K, committed 1088K, reserved 1048576K
}
Event: 1.194 GC heap after
{Heap after GC invocations=2 (full 0):
 garbage-first heap   total 126976K, used 5285K [0x0000000085800000, 0x0000000100000000)
  region size 1024K, 3 young (3072K), 3 survivors (3072K)
 Metaspace       used 8342K, committed 8640K, reserved 1114112K
  class space    used 976K, committed 1088K, reserved 1048576K
}
Event: 1.955 GC heap before
{Heap before GC invocations=2 (full 0):
 garbage-first heap   total 126976K, used 81061K [0x0000000085800000, 0x0000000100000000)
  region size 1024K, 26 young (26624K), 3 survivors (3072K)
 Metaspace       used 11997K, committed 12352K, reserved 1114112K
  class space    used 1561K, committed 1728K, reserved 1048576K
}
Event: 1.961 GC heap after
{Heap after GC invocations=3 (full 0):
 garbage-first heap   total 126976K, used 62564K [0x0000000085800000, 0x0000000100000000)
  region size 1024K, 6 young (6144K), 6 survivors (6144K)
 Metaspace       used 11997K, committed 12352K, reserved 1114112K
  class space    used 1561K, committed 1728K, reserved 1048576K
}
Event: 2.294 GC heap before
{Heap before GC invocations=4 (full 0):
 garbage-first heap   total 141312K, used 140388K [0x0000000085800000, 0x0000000100000000)
  region size 1024K, 13 young (13312K), 6 survivors (6144K)
 Metaspace       used 12274K, committed 12544K, reserved 1114112K
  class space    used 1605K, committed 1728K, reserved 1048576K
}
Event: 2.302 GC heap after
{Heap after GC invocations=5 (full 0):
 garbage-first heap   total 149504K, used 134530K [0x0000000085800000, 0x0000000100000000)
  region size 1024K, 5 young (5120K), 5 survivors (5120K)
 Metaspace       used 12274K, committed 12544K, reserved 1114112K
  class space    used 1605K, committed 1728K, reserved 1048576K
}
Event: 2.321 GC heap before
{Heap before GC invocations=5 (full 0):
 garbage-first heap   total 149504K, used 136578K [0x0000000085800000, 0x0000000100000000)
  region size 1024K, 7 young (7168K), 5 survivors (5120K)
 Metaspace       used 12570K, committed 12864K, reserved 1114112K
  class space    used 1670K, committed 1792K, reserved 1048576K
}
Event: 2.327 GC heap after
{Heap after GC invocations=6 (full 0):
 garbage-first heap   total 149504K, used 134618K [0x0000000085800000, 0x0000000100000000)
  region size 1024K, 1 young (1024K), 1 survivors (1024K)
 Metaspace       used 12570K, committed 12864K, reserved 1114112K
  class space    used 1670K, committed 1792K, reserved 1048576K
}
Event: 2.481 GC heap before
{Heap before GC invocations=6 (full 0):
 garbage-first heap   total 149504K, used 140762K [0x0000000085800000, 0x0000000100000000)
  region size 1024K, 7 young (7168K), 1 survivors (1024K)
 Metaspace       used 13825K, committed 14144K, reserved 1114112K
  class space    used 1866K, committed 2048K, reserved 1048576K
}
Event: 2.482 GC heap after
{Heap after GC invocations=7 (full 0):
 garbage-first heap   total 149504K, used 134353K [0x0000000085800000, 0x0000000100000000)
  region size 1024K, 1 young (1024K), 1 survivors (1024K)
 Metaspace       used 13825K, committed 14144K, reserved 1114112K
  class space    used 1866K, committed 2048K, reserved 1048576K
}

