# JRE version: OpenJDK Runtime Environment (20.0.1+9) (build 20.0.1+9-29)
# Java VM: OpenJDK 64-Bit Server VM (20.0.1+9-29, mixed mode, sharing, tiered, compressed oops, compressed class ptrs, g1 gc, windows-amd64)
GC Precious Log:
 CardTable entry size: 512
 Card Set container configuration: InlinePtr #cards 5 size 8 Array Of Cards #cards 12 size 40 Howl #buckets 4 coarsen threshold 1843 Howl Bitmap #cards 512 size 80 coarsen threshold 460 Card regions per heap region 1 cards per card region 2048
 CPUs: 4 total, 4 available
 Memory: 8071M
 Large Page Support: Disabled
 NUMA Support: Disabled
 Compressed Oops: Enabled (32-bit)
 Heap Region Size: 1M
 Heap Min Capacity: 8M
 Heap Initial Capacity: 128M
 Heap Max Capacity: 2018M
 Pre-touch: Disabled
 Parallel Workers: 4
 Concurrent Workers: 1
 Concurrent Refinement Workers: 4
 Periodic GC: Disabled
Heap:
 garbage-first heap   total 131072K, used 31114K [0x0000000081e00000, 0x0000000100000000)
  region size 1024K, 22 young (22528K), 5 survivors (5120K)
 Metaspace       used 15981K, committed 16256K, reserved 1114112K
  class space    used 2008K, committed 2112K, reserved 1048576K
GC Heap History (8 events):
Event: 0.925 GC heap before
{Heap before GC invocations=0 (full 0):
 garbage-first heap   total 131072K, used 13312K [0x0000000081e00000, 0x0000000100000000)
  region size 1024K, 13 young (13312K), 0 survivors (0K)
 Metaspace       used 2489K, committed 2688K, reserved 1114112K
  class space    used 259K, committed 320K, reserved 1048576K
}
Event: 0.929 GC heap after
{Heap after GC invocations=1 (full 0):
 garbage-first heap   total 131072K, used 1963K [0x0000000081e00000, 0x0000000100000000)
  region size 1024K, 2 young (2048K), 2 survivors (2048K)
 Metaspace       used 2489K, committed 2688K, reserved 1114112K
  class space    used 259K, committed 320K, reserved 1048576K
}
Event: 1.659 GC heap before
{Heap before GC invocations=1 (full 0):
 garbage-first heap   total 131072K, used 18347K [0x0000000081e00000, 0x0000000100000000)
  region size 1024K, 19 young (19456K), 2 survivors (2048K)
 Metaspace       used 7864K, committed 8064K, reserved 1114112K
  class space    used 896K, committed 960K, reserved 1048576K
}
Event: 1.665 GC heap after
{Heap after GC invocations=2 (full 0):
 garbage-first heap   total 131072K, used 4916K [0x0000000081e00000, 0x0000000100000000)
  region size 1024K, 3 young (3072K), 3 survivors (3072K)
 Metaspace       used 7864K, committed 8064K, reserved 1114112K
  class space    used 896K, committed 960K, reserved 1048576K
}
Event: 83.061 GC heap before
{Heap before GC invocations=2 (full 0):
 garbage-first heap   total 131072K, used 83764K [0x0000000081e00000, 0x0000000100000000)
  region size 1024K, 76 young (77824K), 3 survivors (3072K)
 Metaspace       used 15901K, committed 16192K, reserved 1114112K
  class space    used 2004K, committed 2112K, reserved 1048576K
}
Event: 83.072 GC heap after
{Heap after GC invocations=3 (full 0):
 garbage-first heap   total 131072K, used 14208K [0x0000000081e00000, 0x0000000100000000)
  region size 1024K, 7 young (7168K), 7 survivors (7168K)
 Metaspace       used 15901K, committed 16192K, reserved 1114112K
  class space    used 2004K, committed 2112K, reserved 1048576K
}
Event: 210.145 GC heap before
{Heap before GC invocations=3 (full 0):
 garbage-first heap   total 131072K, used 84864K [0x0000000081e00000, 0x0000000100000000)
  region size 1024K, 76 young (77824K), 7 survivors (7168K)
 Metaspace       used 15981K, committed 16256K, reserved 1114112K
  class space    used 2008K, committed 2112K, reserved 1048576K
}
Event: 210.162 GC heap after
{Heap after GC invocations=4 (full 0):
 garbage-first heap   total 131072K, used 14730K [0x0000000081e00000, 0x0000000100000000)
  region size 1024K, 5 young (5120K), 5 survivors (5120K)
 Metaspace       used 15981K, committed 16256K, reserved 1114112K
  class space    used 2008K, committed 2112K, reserved 1048576K
}

