# JRE version: OpenJDK Runtime Environment (20.0.1+9) (build 20.0.1+9-29)
# Java VM: OpenJDK 64-Bit Server VM (20.0.1+9-29, mixed mode, sharing, tiered, compressed oops, compressed class ptrs, g1 gc, windows-amd64)
GC Precious Log:
 CardTable entry size: 512
 Card Set container configuration: InlinePtr #cards 5 size 8 Array Of Cards #cards 12 size 40 Howl #buckets 4 coarsen threshold 1843 Howl Bitmap #cards 512 size 80 coarsen threshold 460 Card regions per heap region 1 cards per card region 2048
 CPUs: 4 total, 4 available
 Memory: 8071M
 Large Page Support: Disabled
 NUMA Support: Disabled
 Compressed Oops: Enabled (32-bit)
 Heap Region Size: 1M
 Heap Min Capacity: 8M
 Heap Initial Capacity: 128M
 Heap Max Capacity: 2018M
 Pre-touch: Disabled
 Parallel Workers: 4
 Concurrent Workers: 1
 Concurrent Refinement Workers: 4
 Periodic GC: Disabled
Heap:
 garbage-first heap   total 263168K, used 157372K [0x0000000081e00000, 0x0000000100000000)
  region size 1024K, 10 young (10240K), 5 survivors (5120K)
 Metaspace       used 18772K, committed 19136K, reserved 1114112K
  class space    used 2674K, committed 2816K, reserved 1048576K
GC Heap History (20 events):
Event: 1.061 GC heap before
{Heap before GC invocations=0 (full 0):
 garbage-first heap   total 131072K, used 13312K [0x0000000081e00000, 0x0000000100000000)
  region size 1024K, 13 young (13312K), 0 survivors (0K)
 Metaspace       used 2496K, committed 2688K, reserved 1114112K
  class space    used 259K, committed 320K, reserved 1048576K
}
Event: 1.066 GC heap after
{Heap after GC invocations=1 (full 0):
 garbage-first heap   total 131072K, used 1875K [0x0000000081e00000, 0x0000000100000000)
  region size 1024K, 2 young (2048K), 2 survivors (2048K)
 Metaspace       used 2496K, committed 2688K, reserved 1114112K
  class space    used 259K, committed 320K, reserved 1048576K
}
Event: 1.927 GC heap before
{Heap before GC invocations=1 (full 0):
 garbage-first heap   total 131072K, used 19283K [0x0000000081e00000, 0x0000000100000000)
  region size 1024K, 20 young (20480K), 2 survivors (2048K)
 Metaspace       used 8147K, committed 8448K, reserved 1114112K
  class space    used 923K, committed 1024K, reserved 1048576K
}
Event: 1.933 GC heap after
{Heap after GC invocations=2 (full 0):
 garbage-first heap   total 131072K, used 4870K [0x0000000081e00000, 0x0000000100000000)
  region size 1024K, 3 young (3072K), 3 survivors (3072K)
 Metaspace       used 8147K, committed 8448K, reserved 1114112K
  class space    used 923K, committed 1024K, reserved 1048576K
}
Event: 2.897 GC heap before
{Heap before GC invocations=2 (full 0):
 garbage-first heap   total 131072K, used 78598K [0x0000000081e00000, 0x0000000100000000)
  region size 1024K, 21 young (21504K), 3 survivors (3072K)
 Metaspace       used 11567K, committed 11904K, reserved 1114112K
  class space    used 1472K, committed 1600K, reserved 1048576K
}
Event: 2.903 GC heap after
{Heap after GC invocations=3 (full 0):
 garbage-first heap   total 131072K, used 64628K [0x0000000081e00000, 0x0000000100000000)
  region size 1024K, 7 young (7168K), 7 survivors (7168K)
 Metaspace       used 11567K, committed 11904K, reserved 1114112K
  class space    used 1472K, committed 1600K, reserved 1048576K
}
Event: 2.911 GC heap before
{Heap before GC invocations=3 (full 0):
 garbage-first heap   total 131072K, used 66676K [0x0000000081e00000, 0x0000000100000000)
  region size 1024K, 8 young (8192K), 7 survivors (7168K)
 Metaspace       used 11573K, committed 11904K, reserved 1114112K
  class space    used 1472K, committed 1600K, reserved 1048576K
}
Event: 2.917 GC heap after
{Heap after GC invocations=4 (full 0):
 garbage-first heap   total 131072K, used 67629K [0x0000000081e00000, 0x0000000100000000)
  region size 1024K, 4 young (4096K), 4 survivors (4096K)
 Metaspace       used 11573K, committed 11904K, reserved 1114112K
  class space    used 1472K, committed 1600K, reserved 1048576K
}
Event: 2.936 GC heap before
{Heap before GC invocations=5 (full 0):
 garbage-first heap   total 131072K, used 69677K [0x0000000081e00000, 0x0000000100000000)
  region size 1024K, 5 young (5120K), 4 survivors (4096K)
 Metaspace       used 11602K, committed 11904K, reserved 1114112K
  class space    used 1472K, committed 1600K, reserved 1048576K
}
Event: 2.940 GC heap after
{Heap after GC invocations=6 (full 0):
 garbage-first heap   total 131072K, used 69182K [0x0000000081e00000, 0x0000000100000000)
  region size 1024K, 4 young (4096K), 4 survivors (4096K)
 Metaspace       used 11602K, committed 11904K, reserved 1114112K
  class space    used 1472K, committed 1600K, reserved 1048576K
}
Event: 3.357 GC heap before
{Heap before GC invocations=7 (full 0):
 garbage-first heap   total 153600K, used 152126K [0x0000000081e00000, 0x0000000100000000)
  region size 1024K, 8 young (8192K), 4 survivors (4096K)
 Metaspace       used 12115K, committed 12480K, reserved 1114112K
  class space    used 1556K, committed 1728K, reserved 1048576K
}
Event: 3.362 GC heap after
{Heap after GC invocations=8 (full 0):
 garbage-first heap   total 158720K, used 149048K [0x0000000081e00000, 0x0000000100000000)
  region size 1024K, 5 young (5120K), 5 survivors (5120K)
 Metaspace       used 12115K, committed 12480K, reserved 1114112K
  class space    used 1556K, committed 1728K, reserved 1048576K
}
Event: 3.402 GC heap before
{Heap before GC invocations=8 (full 0):
 garbage-first heap   total 158720K, used 150072K [0x0000000081e00000, 0x0000000100000000)
  region size 1024K, 7 young (7168K), 5 survivors (5120K)
 Metaspace       used 12525K, committed 12800K, reserved 1114112K
  class space    used 1648K, committed 1792K, reserved 1048576K
}
Event: 3.407 GC heap after
{Heap after GC invocations=9 (full 0):
 garbage-first heap   total 158720K, used 148324K [0x0000000081e00000, 0x0000000100000000)
  region size 1024K, 1 young (1024K), 1 survivors (1024K)
 Metaspace       used 12525K, committed 12800K, reserved 1114112K
  class space    used 1648K, committed 1792K, reserved 1048576K
}
Event: 3.703 GC heap before
{Heap before GC invocations=9 (full 0):
 garbage-first heap   total 158720K, used 153444K [0x0000000081e00000, 0x0000000100000000)
  region size 1024K, 7 young (7168K), 1 survivors (1024K)
 Metaspace       used 14187K, committed 14528K, reserved 1114112K
  class space    used 1909K, committed 2048K, reserved 1048576K
}
Event: 3.705 GC heap after
{Heap after GC invocations=10 (full 0):
 garbage-first heap   total 158720K, used 148505K [0x0000000081e00000, 0x0000000100000000)
  region size 1024K, 1 young (1024K), 1 survivors (1024K)
 Metaspace       used 14187K, committed 14528K, reserved 1114112K
  class space    used 1909K, committed 2048K, reserved 1048576K
}
Event: 4.010 GC heap before
{Heap before GC invocations=11 (full 0):
 garbage-first heap   total 250880K, used 154649K [0x0000000081e00000, 0x0000000100000000)
  region size 1024K, 7 young (7168K), 1 survivors (1024K)
 Metaspace       used 15705K, committed 16000K, reserved 1114112K
  class space    used 2278K, committed 2432K, reserved 1048576K
}
Event: 4.013 GC heap after
{Heap after GC invocations=12 (full 0):
 garbage-first heap   total 250880K, used 148862K [0x0000000081e00000, 0x0000000100000000)
  region size 1024K, 1 young (1024K), 1 survivors (1024K)
 Metaspace       used 15705K, committed 16000K, reserved 1114112K
  class space    used 2278K, committed 2432K, reserved 1048576K
}
Event: 5.011 GC heap before
{Heap before GC invocations=12 (full 0):
 garbage-first heap   total 250880K, used 161150K [0x0000000081e00000, 0x0000000100000000)
  region size 1024K, 15 young (15360K), 1 survivors (1024K)
 Metaspace       used 18054K, committed 18368K, reserved 1114112K
  class space    used 2624K, committed 2752K, reserved 1048576K
}
Event: 5.018 GC heap after
{Heap after GC invocations=13 (full 0):
 garbage-first heap   total 250880K, used 152252K [0x0000000081e00000, 0x0000000100000000)
  region size 1024K, 5 young (5120K), 5 survivors (5120K)
 Metaspace       used 18054K, committed 18368K, reserved 1114112K
  class space    used 2624K, committed 2752K, reserved 1048576K
}

