# JRE version: OpenJDK Runtime Environment (21.0.1+12) (build 21.0.1+12-29)
# Java VM: OpenJDK 64-Bit Server VM (21.0.1+12-29, mixed mode, sharing, tiered, compressed oops, compressed class ptrs, g1 gc, windows-amd64)
GC Precious Log:
 CardTable entry size: 512
 Card Set container configuration: InlinePtr #cards 5 size 8 Array Of Cards #cards 12 size 40 Howl #buckets 4 coarsen threshold 1843 Howl Bitmap #cards 512 size 80 coarsen threshold 460 Card regions per heap region 1 cards per card region 2048
 CPUs: 4 total, 4 available
 Memory: 7834M
 Large Page Support: Disabled
 NUMA Support: Disabled
 Compressed Oops: Enabled (32-bit)
 Heap Region Size: 1M
 Heap Min Capacity: 8M
 Heap Initial Capacity: 124M
 Heap Max Capacity: 1960M
 Pre-touch: Disabled
 Parallel Workers: 4
 Concurrent Workers: 1
 Concurrent Refinement Workers: 4
 Periodic GC: Disabled
Heap:
 garbage-first heap   total 143360K, used 134272K [0x0000000085800000, 0x0000000100000000)
  region size 1024K, 2 young (2048K), 1 survivors (1024K)
 Metaspace       used 13945K, committed 14272K, reserved 1114112K
  class space    used 1893K, committed 2048K, reserved 1048576K
GC Heap History (14 events):
Event: 0.583 GC heap before
{Heap before GC invocations=0 (full 0):
 garbage-first heap   total 126976K, used 13312K [0x0000000085800000, 0x0000000100000000)
  region size 1024K, 13 young (13312K), 0 survivors (0K)
 Metaspace       used 2396K, committed 2624K, reserved 1114112K
  class space    used 243K, committed 320K, reserved 1048576K
}
Event: 0.588 GC heap after
{Heap after GC invocations=1 (full 0):
 garbage-first heap   total 126976K, used 1844K [0x0000000085800000, 0x0000000100000000)
  region size 1024K, 2 young (2048K), 2 survivors (2048K)
 Metaspace       used 2396K, committed 2624K, reserved 1114112K
  class space    used 243K, committed 320K, reserved 1048576K
}
Event: 1.221 GC heap before
{Heap before GC invocations=1 (full 0):
 garbage-first heap   total 126976K, used 23348K [0x0000000085800000, 0x0000000100000000)
  region size 1024K, 24 young (24576K), 2 survivors (2048K)
 Metaspace       used 8316K, committed 8576K, reserved 1114112K
  class space    used 970K, committed 1088K, reserved 1048576K
}
Event: 1.227 GC heap after
{Heap after GC invocations=2 (full 0):
 garbage-first heap   total 126976K, used 5041K [0x0000000085800000, 0x0000000100000000)
  region size 1024K, 3 young (3072K), 3 survivors (3072K)
 Metaspace       used 8316K, committed 8576K, reserved 1114112K
  class space    used 970K, committed 1088K, reserved 1048576K
}
Event: 2.112 GC heap before
{Heap before GC invocations=2 (full 0):
 garbage-first heap   total 126976K, used 81841K [0x0000000085800000, 0x0000000100000000)
  region size 1024K, 26 young (26624K), 3 survivors (3072K)
 Metaspace       used 11999K, committed 12352K, reserved 1114112K
  class space    used 1561K, committed 1728K, reserved 1048576K
}
Event: 2.118 GC heap after
{Heap after GC invocations=3 (full 0):
 garbage-first heap   total 126976K, used 62832K [0x0000000085800000, 0x0000000100000000)
  region size 1024K, 7 young (7168K), 7 survivors (7168K)
 Metaspace       used 11999K, committed 12352K, reserved 1114112K
  class space    used 1561K, committed 1728K, reserved 1048576K
}
Event: 2.127 GC heap before
{Heap before GC invocations=3 (full 0):
 garbage-first heap   total 126976K, used 64880K [0x0000000085800000, 0x0000000100000000)
  region size 1024K, 8 young (8192K), 7 survivors (7168K)
 Metaspace       used 12001K, committed 12352K, reserved 1114112K
  class space    used 1561K, committed 1728K, reserved 1048576K
}
Event: 2.132 GC heap after
{Heap after GC invocations=4 (full 0):
 garbage-first heap   total 126976K, used 65367K [0x0000000085800000, 0x0000000100000000)
  region size 1024K, 4 young (4096K), 4 survivors (4096K)
 Metaspace       used 12001K, committed 12352K, reserved 1114112K
  class space    used 1561K, committed 1728K, reserved 1048576K
}
Event: 2.459 GC heap before
{Heap before GC invocations=5 (full 0):
 garbage-first heap   total 139264K, used 139095K [0x0000000085800000, 0x0000000100000000)
  region size 1024K, 9 young (9216K), 4 survivors (4096K)
 Metaspace       used 12114K, committed 12480K, reserved 1114112K
  class space    used 1568K, committed 1728K, reserved 1048576K
}
Event: 2.463 GC heap after
{Heap after GC invocations=6 (full 0):
 garbage-first heap   total 143360K, used 133795K [0x0000000085800000, 0x0000000100000000)
  region size 1024K, 4 young (4096K), 4 survivors (4096K)
 Metaspace       used 12114K, committed 12480K, reserved 1114112K
  class space    used 1568K, committed 1728K, reserved 1048576K
}
Event: 2.502 GC heap before
{Heap before GC invocations=6 (full 0):
 garbage-first heap   total 143360K, used 136867K [0x0000000085800000, 0x0000000100000000)
  region size 1024K, 7 young (7168K), 4 survivors (4096K)
 Metaspace       used 12593K, committed 12928K, reserved 1114112K
  class space    used 1676K, committed 1856K, reserved 1048576K
}
Event: 2.508 GC heap after
{Heap after GC invocations=7 (full 0):
 garbage-first heap   total 143360K, used 133910K [0x0000000085800000, 0x0000000100000000)
  region size 1024K, 1 young (1024K), 1 survivors (1024K)
 Metaspace       used 12593K, committed 12928K, reserved 1114112K
  class space    used 1676K, committed 1856K, reserved 1048576K
}
Event: 2.650 GC heap before
{Heap before GC invocations=7 (full 0):
 garbage-first heap   total 143360K, used 139030K [0x0000000085800000, 0x0000000100000000)
  region size 1024K, 7 young (7168K), 1 survivors (1024K)
 Metaspace       used 13823K, committed 14144K, reserved 1114112K
  class space    used 1870K, committed 2048K, reserved 1048576K
}
Event: 2.652 GC heap after
{Heap after GC invocations=8 (full 0):
 garbage-first heap   total 143360K, used 134272K [0x0000000085800000, 0x0000000100000000)
  region size 1024K, 1 young (1024K), 1 survivors (1024K)
 Metaspace       used 13823K, committed 14144K, reserved 1114112K
  class space    used 1870K, committed 2048K, reserved 1048576K
}

